<?xml version="1.0" encoding="UTF-8"?>
<testsuite name="com.budgetquest.app.BadgeLogicTest" tests="2" skipped="0" failures="0" errors="0" timestamp="2026-06-15T13:49:38.955Z" hostname="DESKTOP-HA2GVG5" time="0.071">
  <properties/>
  <testcase name="firstEntryBadge_awardsOnlyOnFirstExpense" classname="com.budgetquest.app.BadgeLogicTest" time="0.033"/>
  <testcase name="budgetHeroBadge_requiresNoOverspend" classname="com.budgetquest.app.BadgeLogicTest" time="0.001"/>
  <system-out><![CDATA[]]></system-out>
  <system-err><![CDATA[]]></system-err>
</testsuite>
